16/01/2020 02:14:37    INFO: 
Program started
16/01/2020 02:14:37    INFO: Trying request without proxy
16/01/2020 02:14:37    WARNING: Connection error... well, let's find a proxy
16/01/2020 02:14:37    CRITICAL: Holy shit, I can't even connect internet!... gona restart
16/01/2020 02:15:31    INFO: 
Program started
16/01/2020 02:15:31    INFO: Trying request without proxy
16/01/2020 02:15:31    WARNING: Connection error... well, let's find a proxy
16/01/2020 02:15:31    CRITICAL: Holy shit, I can't even connect internet!... gona restart
16/01/2020 02:15:31    CRITICAL: Here is the exception: <class 'requests.exceptions.ConnectionError'>
16/01/2020 02:15:31    INFO: Restart in 5 sec!
16/01/2020 02:15:36    INFO: Restart!
16/01/2020 02:15:36    INFO: 
Program started
16/01/2020 02:15:36    INFO: Trying request without proxy
16/01/2020 02:15:36    WARNING: Connection error... well, let's find a proxy
16/01/2020 02:15:36    CRITICAL: Holy shit, I can't even connect internet!... gona restart
16/01/2020 02:15:36    CRITICAL: Here is the exception: <class 'requests.exceptions.ConnectionError'>
16/01/2020 02:15:36    INFO: Restart in 5 sec!
16/01/2020 02:15:41    INFO: Restart!
16/01/2020 02:15:41    INFO: 
Program started
16/01/2020 02:15:41    INFO: Trying request without proxy
16/01/2020 02:15:41    WARNING: Connection error... well, let's find a proxy
16/01/2020 02:15:41    CRITICAL: Holy shit, I can't even connect internet!... gona restart
16/01/2020 02:15:41    CRITICAL: Here is the exception: <class 'requests.exceptions.ConnectionError'>
16/01/2020 02:15:41    INFO: Restart in 5 sec!
16/01/2020 02:15:46    INFO: Restart!
16/01/2020 02:15:46    INFO: 
Program started
16/01/2020 02:15:46    INFO: Trying request without proxy
16/01/2020 02:15:46    WARNING: Connection error... well, let's find a proxy
16/01/2020 02:15:46    CRITICAL: Holy shit, I can't even connect internet!... gona restart
16/01/2020 02:15:46    CRITICAL: Here is the exception: <class 'requests.exceptions.ConnectionError'>
16/01/2020 02:15:46    INFO: Restart in 5 sec!
16/01/2020 02:15:51    INFO: Restart!
16/01/2020 02:15:51    INFO: 
Program started
16/01/2020 02:15:51    INFO: Trying request without proxy
16/01/2020 02:15:51    WARNING: Connection error... well, let's find a proxy
16/01/2020 02:15:51    CRITICAL: Holy shit, I can't even connect internet!... gona restart
16/01/2020 02:15:51    CRITICAL: Here is the exception: <class 'requests.exceptions.ConnectionError'>
16/01/2020 02:15:51    INFO: Restart in 5 sec!
16/01/2020 02:15:56    INFO: Restart!
16/01/2020 02:15:56    INFO: 
Program started
16/01/2020 02:15:56    INFO: Trying request without proxy
16/01/2020 02:15:56    WARNING: Connection error... well, let's find a proxy
16/01/2020 02:15:56    CRITICAL: Holy shit, I can't even connect internet!... gona restart
16/01/2020 02:15:56    CRITICAL: Here is the exception: <class 'requests.exceptions.ConnectionError'>
16/01/2020 02:15:56    INFO: Restart in 5 sec!
16/01/2020 02:16:01    INFO: Restart!
16/01/2020 02:16:01    INFO: 
Program started
16/01/2020 02:16:01    INFO: Trying request without proxy
16/01/2020 02:16:01    WARNING: Connection error... well, let's find a proxy
16/01/2020 02:16:01    CRITICAL: Holy shit, I can't even connect internet!... gona restart
16/01/2020 02:16:01    CRITICAL: Here is the exception: <class 'requests.exceptions.ConnectionError'>
16/01/2020 02:16:01    INFO: Restart in 5 sec!
16/01/2020 02:16:06    INFO: Restart!
16/01/2020 02:16:06    INFO: 
Program started
16/01/2020 02:16:06    INFO: Trying request without proxy
16/01/2020 02:16:06    WARNING: Connection error... well, let's find a proxy
16/01/2020 02:16:06    CRITICAL: Holy shit, I can't even connect internet!... gona restart
16/01/2020 02:16:06    CRITICAL: Here is the exception: <class 'requests.exceptions.ConnectionError'>
16/01/2020 02:16:06    INFO: Restart in 5 sec!
16/01/2020 02:16:11    INFO: Restart!
16/01/2020 02:16:11    INFO: 
Program started
16/01/2020 02:16:11    INFO: Trying request without proxy
16/01/2020 02:16:26    WARNING: Connection error... well, let's find a proxy
16/01/2020 02:16:27    INFO: Find 5 proxy: ['41.169.158.90:8080', '41.65.146.38:8080', '89.29.100.217:3128', '201.220.16.231:8080', '94.130.125.217:1080']
16/01/2020 02:16:27    INFO: Proxy: 41.169.158.90:8080
16/01/2020 02:16:47    INFO: This one doesn't work
16/01/2020 02:16:47    INFO: Proxy: 41.65.146.38:8080
16/01/2020 02:16:51    INFO: This one is good!.. I hope
16/01/2020 02:16:51    INFO: Bot init complete!
16/01/2020 02:20:23    INFO: 
Program started
16/01/2020 02:20:23    INFO: Trying request without proxy
16/01/2020 02:20:23    WARNING: Connection error... well, let's find a proxy
16/01/2020 02:20:23    CRITICAL: Holy shit, I can't even connect internet!... gona restart
16/01/2020 02:20:23    CRITICAL: Here is the exception: <class 'requests.exceptions.ConnectionError'>
16/01/2020 02:20:23    INFO: Restart in 5 sec!
16/01/2020 02:20:28    INFO: Restart!
16/01/2020 02:20:28    INFO: 
Program started
16/01/2020 02:20:28    INFO: Trying request without proxy
16/01/2020 02:20:28    WARNING: Connection error... well, let's find a proxy
16/01/2020 02:20:28    CRITICAL: Holy shit, I can't even connect internet!... gona restart
16/01/2020 02:20:28    CRITICAL: Here is the exception: <class 'requests.exceptions.ConnectionError'>
16/01/2020 02:20:28    INFO: Restart in 5 sec!
16/01/2020 02:20:33    INFO: Restart!
16/01/2020 02:20:33    INFO: 
Program started
16/01/2020 02:20:33    INFO: Trying request without proxy
16/01/2020 02:20:33    WARNING: Connection error... well, let's find a proxy
16/01/2020 02:20:33    CRITICAL: Holy shit, I can't even connect internet!... gona restart
16/01/2020 02:20:33    CRITICAL: Here is the exception: <class 'requests.exceptions.ConnectionError'>
16/01/2020 02:20:33    INFO: Restart in 5 sec!
16/01/2020 02:20:38    INFO: Restart!
16/01/2020 02:20:38    INFO: 
Program started
16/01/2020 02:20:38    INFO: Trying request without proxy
16/01/2020 02:20:53    WARNING: Connection error... well, let's find a proxy
16/01/2020 02:20:53    INFO: Find 5 proxy: ['201.76.3.230:8080', '198.98.54.241:8080', '173.212.216.52:3128', '103.80.210.110:8080', '5.56.132.210:80']
16/01/2020 02:20:53    INFO: Proxy: 201.76.3.230:8080
16/01/2020 02:20:56    INFO: This one is good!.. I hope
16/01/2020 02:20:56    INFO: Bot init complete!
16/01/2020 02:20:56    INFO: Bot init complete!
16/01/2020 02:20:56    INFO: Bot init complete!
16/01/2020 02:20:56    INFO: Bot init complete!
16/01/2020 02:20:56    INFO: Main started!
16/01/2020 02:20:56    INFO: Getting updates...
16/01/2020 02:22:38    INFO: Program started
16/01/2020 02:22:38    INFO: Trying request without proxy
16/01/2020 02:22:53    WARNING: Connection error... well, let's find a proxy
16/01/2020 02:22:53    INFO: Find 5 proxy: ['51.15.76.119:3128', '203.189.137.137:8080', '103.76.20.26:8080', '1.0.135.155:443', '142.93.130.169:8118']
16/01/2020 02:22:53    INFO: Proxy: 51.15.76.119:3128
16/01/2020 02:23:13    INFO: This one doesn't work
16/01/2020 02:23:13    INFO: Proxy: 203.189.137.137:8080
16/01/2020 02:23:45    INFO: This one doesn't work
16/01/2020 02:23:45    INFO: Proxy: 103.76.20.26:8080
16/01/2020 02:23:50    INFO: This one is good!.. I hope
16/01/2020 02:23:50    INFO: Bot init complete!
16/01/2020 02:23:50    INFO: Main started!
16/01/2020 02:23:50    INFO: Getting updates...
16/01/2020 02:34:02    INFO: Program started
16/01/2020 02:34:02    INFO: Trying request without proxy
16/01/2020 02:34:17    WARNING: Connection error... well, let's find a proxy
16/01/2020 02:34:18    INFO: Find 5 proxy: ['190.214.53.66:44193', '190.53.46.14:38525', '212.122.1.23:80', '103.66.47.97:8080', '167.172.56.231:8080']
16/01/2020 02:34:18    INFO: Proxy: 190.214.53.66:44193
16/01/2020 02:34:28    INFO: This one is good!.. I hope
16/01/2020 02:34:28    INFO: Bot init complete!
16/01/2020 02:34:28    INFO: Main started!
16/01/2020 02:34:28    INFO: Getting updates...
16/01/2020 02:34:31    INFO: Getting updates...
16/01/2020 02:35:39    INFO: Program started
16/01/2020 02:35:39    INFO: Trying request without proxy
16/01/2020 02:35:39    WARNING: Connection error... well, let's find a proxy
16/01/2020 02:35:39    CRITICAL: Holy shit, I can't even connect internet!... gona check it twice
16/01/2020 02:35:39    CRITICAL: Here is the exception: <class 'requests.exceptions.ConnectionError'>. And here is the response: None
16/01/2020 02:35:39    INFO: Restart in 5 sec!
16/01/2020 02:35:44    INFO: Restart!
16/01/2020 02:35:44    INFO: Program started
16/01/2020 02:35:44    INFO: Trying request without proxy
16/01/2020 02:35:44    WARNING: Connection error... well, let's find a proxy
16/01/2020 02:35:44    CRITICAL: Holy shit, I can't even connect internet!... gona check it twice
16/01/2020 02:35:44    CRITICAL: Here is the exception: <class 'requests.exceptions.ConnectionError'>. And here is the response: None
16/01/2020 02:35:44    INFO: Restart in 5 sec!
16/01/2020 02:35:49    INFO: Restart!
16/01/2020 02:35:49    INFO: Program started
16/01/2020 02:35:49    INFO: Trying request without proxy
16/01/2020 02:35:49    WARNING: Connection error... well, let's find a proxy
16/01/2020 02:35:49    CRITICAL: Holy shit, I can't even connect internet!... gona check it twice
16/01/2020 02:35:49    CRITICAL: Here is the exception: <class 'requests.exceptions.ConnectionError'>. And here is the response: None
16/01/2020 02:35:49    INFO: Restart in 5 sec!
16/01/2020 02:35:54    INFO: Restart!
16/01/2020 02:35:54    INFO: Program started
16/01/2020 02:35:54    INFO: Trying request without proxy
16/01/2020 02:35:54    WARNING: Connection error... well, let's find a proxy
16/01/2020 02:35:54    CRITICAL: Holy shit, I can't even connect internet!... gona check it twice
16/01/2020 02:35:54    CRITICAL: Here is the exception: <class 'requests.exceptions.ConnectionError'>. And here is the response: None
16/01/2020 02:35:54    INFO: Restart in 5 sec!
16/01/2020 02:35:59    INFO: Restart!
16/01/2020 02:35:59    INFO: Program started
16/01/2020 02:35:59    INFO: Trying request without proxy
16/01/2020 02:36:14    WARNING: Connection error... well, let's find a proxy
16/01/2020 02:36:14    INFO: Find 5 proxy: ['2.188.164.66:8080', '111.93.59.130:3129', '68.183.59.189:8080', '177.10.232.124:8080', '36.255.85.227:82']
16/01/2020 02:36:14    INFO: Proxy: 2.188.164.66:8080
16/01/2020 02:36:34    INFO: This one doesn't work
16/01/2020 02:36:34    INFO: Proxy: 111.93.59.130:3129
16/01/2020 02:36:44    INFO: This one is good!.. I hope
16/01/2020 02:36:44    INFO: Bot init complete!
16/01/2020 02:36:44    INFO: Bot init complete!
16/01/2020 02:36:44    INFO: Bot init complete!
16/01/2020 02:36:44    INFO: Bot init complete!
16/01/2020 02:36:44    INFO: Bot init complete!
16/01/2020 02:36:44    INFO: Main started!
16/01/2020 02:36:44    INFO: Getting updates...
